{"obj": {"type": "AssignString", "path": ["sys", "name"], "value": "Untitled"}, "version": 1}
{"obj": {"type": "AssignString", "path": ["sys", "description"], "value": ""}, "version": 2}
{"obj": {"type": "AssignString", "path": ["sys", "hostname"], "value": "B01D"}, "version": 3}
{"obj": {"type": "AssignBool", "path": ["sys", "failed"], "value": false}, "version": 4}
{"obj": {"type": "ClearStringLog", "path": ["monitoring", "stdout"]}, "version": 5}
{"obj": {"type": "ClearStringLog", "path": ["monitoring", "stderr"]}, "version": 6}
{"obj": {"type": "AssignString", "path": ["source_code", "entrypoint"], "value": "main.py"}, "version": 7}
{"obj": {"type": "UploadFileSet", "path": ["source_code", "files"], "file_globs": ["E:\\98_GitRepo\\01_EX_AI\\EX_AI\\main.py"], "reset": "False"}, "version": 8}
{"obj": {"type": "ConfigFloatSeries", "path": ["monitoring", "cpu"], "min": 0.0, "max": 100.0, "unit": "%"}, "version": 9}
{"obj": {"type": "ClearFloatLog", "path": ["monitoring", "cpu"]}, "version": 10}
{"obj": {"type": "ConfigFloatSeries", "path": ["monitoring", "memory"], "min": 0.0, "max": 15.93630599975586, "unit": "GB"}, "version": 11}
{"obj": {"type": "ClearFloatLog", "path": ["monitoring", "memory"]}, "version": 12}
{"obj": {"type": "ConfigFloatSeries", "path": ["monitoring", "gpu"], "min": 0.0, "max": 100.0, "unit": "%"}, "version": 13}
{"obj": {"type": "ClearFloatLog", "path": ["monitoring", "gpu"]}, "version": 14}
{"obj": {"type": "ConfigFloatSeries", "path": ["monitoring", "gpu_memory"], "min": 0.0, "max": 8.0, "unit": "GB"}, "version": 15}
{"obj": {"type": "ClearFloatLog", "path": ["monitoring", "gpu_memory"]}, "version": 16}
{"obj": {"type": "LogFloats", "path": ["monitoring", "cpu"], "values": [{"value": 19.5, "step": null, "ts": 1667366647.6914089}]}, "version": 17}
{"obj": {"type": "LogFloats", "path": ["monitoring", "memory"], "values": [{"value": 12.11251449584961, "step": null, "ts": 1667366647.6914089}]}, "version": 18}
{"obj": {"type": "LogFloats", "path": ["monitoring", "gpu_memory"], "values": [{"value": 2.773479461669922, "step": null, "ts": 1667366647.6914089}]}, "version": 19}
{"obj": {"type": "AssignFloat", "path": ["parameters", "learning_rate"], "value": 0.001}, "version": 20}
{"obj": {"type": "AssignString", "path": ["parameters", "optimizer"], "value": "SGD"}, "version": 21}
{"obj": {"type": "AssignInt", "path": ["parameters", "max_epochs"], "value": 2}, "version": 22}
{"obj": {"type": "LogFloats", "path": ["train", "epochs", "loss"], "values": [{"value": 652.9306640625, "step": null, "ts": 1667366651.2184145}]}, "version": 23}
{"obj": {"type": "LogStrings", "path": ["monitoring", "traceback"], "values": [{"value": "An uncaught exception occurred while run was active on worker B01D.", "step": null, "ts": 1667366651.2254138}, {"value": "Marking run as failed", "step": null, "ts": 1667366651.2254138}, {"value": "Traceback:", "step": null, "ts": 1667366651.2254138}, {"value": "  File \"e:\\98_GitRepo\\01_EX_AI\\EX_AI\\main.py\", line 56, in <module>\n    train(train_dataloader=train_dataloader,model=model,loss_fn=loss_fn,optimizer=optimizer,device=device,size=TRAIN_SIZE,run=run)\n", "step": null, "ts": 1667366651.2254138}, {"value": "  File \"e:\\98_GitRepo\\01_EX_AI\\EX_AI\\train.py\", line 56, in train\n    run['train/epochs/output'].log(output_new.detach().cpu().numpy())\n", "step": null, "ts": 1667366651.2254138}, {"value": "  File \"C:\\Users\\tomo9\\AppData\\Local\\Programs\\Python\\Python310\\lib\\site-packages\\neptune\\new\\handler.py\", line 76, in inner_fun\n    return fun(self, *args, **kwargs)\n", "step": null, "ts": 1667366651.2254138}, {"value": "  File \"C:\\Users\\tomo9\\AppData\\Local\\Programs\\Python\\Python310\\lib\\site-packages\\neptune\\new\\handler.py\", line 292, in log\n    attr.log(value, step=step, timestamp=timestamp, wait=wait, **kwargs)\n", "step": null, "ts": 1667366651.2254138}, {"value": "  File \"C:\\Users\\tomo9\\AppData\\Local\\Programs\\Python\\Python310\\lib\\site-packages\\neptune\\new\\attributes\\series\\series.py\", line 94, in log\n    value = self._data_to_value([value], **kwargs)\n", "step": null, "ts": 1667366651.2254138}, {"value": "  File \"C:\\Users\\tomo9\\AppData\\Local\\Programs\\Python\\Python310\\lib\\site-packages\\neptune\\new\\attributes\\series\\file_series.py\", line 67, in _data_to_value\n    return FileSeriesVal(values, **kwargs)\n", "step": null, "ts": 1667366651.2254138}, {"value": "  File \"C:\\Users\\tomo9\\AppData\\Local\\Programs\\Python\\Python310\\lib\\site-packages\\neptune\\new\\types\\series\\file_series.py\", line 38, in __init__\n    self._values = [File.create_from(value) for value in values]\n", "step": null, "ts": 1667366651.2254138}]}, "version": 24}
{"obj": {"type": "LogStrings", "path": ["monitoring", "traceback"], "values": [{"value": "  File \"C:\\Users\\tomo9\\AppData\\Local\\Programs\\Python\\Python310\\lib\\site-packages\\neptune\\new\\types\\series\\file_series.py\", line 38, in <listcomp>\n    self._values = [File.create_from(value) for value in values]\n", "step": null, "ts": 1667366651.2254138}, {"value": "  File \"C:\\Users\\tomo9\\AppData\\Local\\Programs\\Python\\Python310\\lib\\site-packages\\neptune\\new\\types\\atoms\\file.py\", line 303, in create_from\n    raise TypeError(\"Value of type {} is not supported. Please use File.as_image().\".format(type(value)))\n", "step": null, "ts": 1667366651.2254138}, {"value": "Value of type <class 'numpy.ndarray'> is not supported. Please use File.as_image().", "step": null, "ts": 1667366651.2254138}]}, "version": 25}
{"obj": {"type": "AssignBool", "path": ["sys", "failed"], "value": true}, "version": 26}
{"obj": {"type": "LogStrings", "path": ["monitoring", "stderr"], "values": [{"value": "Traceback (most recent call last):\n", "step": null, "ts": 1667366651.2264132}]}, "version": 27}
{"obj": {"type": "LogStrings", "path": ["monitoring", "stderr"], "values": [{"value": "  File \"e:\\98_GitRepo\\01_EX_AI\\EX_AI\\main.py\", line 56, in <module>\n", "step": null, "ts": 1667366651.2264132}]}, "version": 28}
{"obj": {"type": "LogStrings", "path": ["monitoring", "stderr"], "values": [{"value": "    ", "step": null, "ts": 1667366651.227413}]}, "version": 29}
{"obj": {"type": "LogStrings", "path": ["monitoring", "stderr"], "values": [{"value": "train(train_dataloader=train_dataloader,model=model,loss_fn=loss_fn,optimizer=optimizer,device=device,size=TRAIN_SIZE,run=run)", "step": null, "ts": 1667366651.2284136}]}, "version": 30}
{"obj": {"type": "LogStrings", "path": ["monitoring", "stderr"], "values": [{"value": "\n", "step": null, "ts": 1667366651.2284136}]}, "version": 31}
{"obj": {"type": "LogStrings", "path": ["monitoring", "stderr"], "values": [{"value": "  File \"e:\\98_GitRepo\\01_EX_AI\\EX_AI\\train.py\", line 56, in train\n", "step": null, "ts": 1667366651.2304153}]}, "version": 32}
{"obj": {"type": "LogStrings", "path": ["monitoring", "stderr"], "values": [{"value": "    ", "step": null, "ts": 1667366651.2314157}]}, "version": 33}
{"obj": {"type": "LogStrings", "path": ["monitoring", "stderr"], "values": [{"value": "run['train/epochs/output'].log(output_new.detach().cpu().numpy())", "step": null, "ts": 1667366651.2314157}]}, "version": 34}
{"obj": {"type": "LogStrings", "path": ["monitoring", "stderr"], "values": [{"value": "\n", "step": null, "ts": 1667366651.2324183}]}, "version": 35}
{"obj": {"type": "LogStrings", "path": ["monitoring", "stderr"], "values": [{"value": "  File \"C:\\Users\\tomo9\\AppData\\Local\\Programs\\Python\\Python310\\lib\\site-packages\\neptune\\new\\handler.py\", line 76, in inner_fun\n", "step": null, "ts": 1667366651.2334166}]}, "version": 36}
{"obj": {"type": "LogStrings", "path": ["monitoring", "stderr"], "values": [{"value": "    ", "step": null, "ts": 1667366651.2344205}]}, "version": 37}
{"obj": {"type": "LogStrings", "path": ["monitoring", "stderr"], "values": [{"value": "return fun(self, *args, **kwargs)", "step": null, "ts": 1667366651.2354126}]}, "version": 38}
{"obj": {"type": "LogStrings", "path": ["monitoring", "stderr"], "values": [{"value": "\n", "step": null, "ts": 1667366651.2354126}]}, "version": 39}
{"obj": {"type": "LogStrings", "path": ["monitoring", "stderr"], "values": [{"value": "  File \"C:\\Users\\tomo9\\AppData\\Local\\Programs\\Python\\Python310\\lib\\site-packages\\neptune\\new\\handler.py\", line 292, in log\n", "step": null, "ts": 1667366651.2374184}]}, "version": 40}
{"obj": {"type": "LogStrings", "path": ["monitoring", "stderr"], "values": [{"value": "    ", "step": null, "ts": 1667366651.239416}]}, "version": 41}
{"obj": {"type": "LogStrings", "path": ["monitoring", "stderr"], "values": [{"value": "attr.log(value, step=step, timestamp=timestamp, wait=wait, **kwargs)", "step": null, "ts": 1667366651.239416}]}, "version": 42}
{"obj": {"type": "LogStrings", "path": ["monitoring", "stderr"], "values": [{"value": "\n", "step": null, "ts": 1667366651.239416}]}, "version": 43}
{"obj": {"type": "LogStrings", "path": ["monitoring", "stderr"], "values": [{"value": "  File \"C:\\Users\\tomo9\\AppData\\Local\\Programs\\Python\\Python310\\lib\\site-packages\\neptune\\new\\attributes\\series\\series.py\", line 94, in log\n", "step": null, "ts": 1667366651.240414}]}, "version": 44}
{"obj": {"type": "LogStrings", "path": ["monitoring", "stderr"], "values": [{"value": "    ", "step": null, "ts": 1667366651.240414}]}, "version": 45}
{"obj": {"type": "LogStrings", "path": ["monitoring", "stderr"], "values": [{"value": "value = self._data_to_value([value], **kwargs)", "step": null, "ts": 1667366651.2414107}]}, "version": 46}
{"obj": {"type": "LogStrings", "path": ["monitoring", "stderr"], "values": [{"value": "\n", "step": null, "ts": 1667366651.2414107}]}, "version": 47}
{"obj": {"type": "LogStrings", "path": ["monitoring", "stderr"], "values": [{"value": "  File \"C:\\Users\\tomo9\\AppData\\Local\\Programs\\Python\\Python310\\lib\\site-packages\\neptune\\new\\attributes\\series\\file_series.py\", line 67, in _data_to_value\n", "step": null, "ts": 1667366651.2414107}]}, "version": 48}
{"obj": {"type": "LogStrings", "path": ["monitoring", "stderr"], "values": [{"value": "    ", "step": null, "ts": 1667366651.2424128}]}, "version": 49}
{"obj": {"type": "LogStrings", "path": ["monitoring", "stderr"], "values": [{"value": "return FileSeriesVal(values, **kwargs)", "step": null, "ts": 1667366651.2424128}]}, "version": 50}
{"obj": {"type": "LogStrings", "path": ["monitoring", "stderr"], "values": [{"value": "\n", "step": null, "ts": 1667366651.2424128}]}, "version": 51}
{"obj": {"type": "LogStrings", "path": ["monitoring", "stderr"], "values": [{"value": "  File \"C:\\Users\\tomo9\\AppData\\Local\\Programs\\Python\\Python310\\lib\\site-packages\\neptune\\new\\types\\series\\file_series.py\", line 38, in __init__\n", "step": null, "ts": 1667366651.2434106}]}, "version": 52}
{"obj": {"type": "LogStrings", "path": ["monitoring", "stderr"], "values": [{"value": "    ", "step": null, "ts": 1667366651.2434106}]}, "version": 53}
{"obj": {"type": "LogStrings", "path": ["monitoring", "stderr"], "values": [{"value": "self._values = [File.create_from(value) for value in values]", "step": null, "ts": 1667366651.2434106}]}, "version": 54}
{"obj": {"type": "LogStrings", "path": ["monitoring", "stderr"], "values": [{"value": "\n", "step": null, "ts": 1667366651.244415}]}, "version": 55}
{"obj": {"type": "LogStrings", "path": ["monitoring", "stderr"], "values": [{"value": "  File \"C:\\Users\\tomo9\\AppData\\Local\\Programs\\Python\\Python310\\lib\\site-packages\\neptune\\new\\types\\series\\file_series.py\", line 38, in <listcomp>\n", "step": null, "ts": 1667366651.244415}]}, "version": 56}
{"obj": {"type": "LogStrings", "path": ["monitoring", "stderr"], "values": [{"value": "    ", "step": null, "ts": 1667366651.2454143}]}, "version": 57}
{"obj": {"type": "LogStrings", "path": ["monitoring", "stderr"], "values": [{"value": "self._values = [File.create_from(value) for value in values]", "step": null, "ts": 1667366651.2454143}]}, "version": 58}
{"obj": {"type": "LogStrings", "path": ["monitoring", "stderr"], "values": [{"value": "\n", "step": null, "ts": 1667366651.2454143}]}, "version": 59}
{"obj": {"type": "LogStrings", "path": ["monitoring", "stderr"], "values": [{"value": "  File \"C:\\Users\\tomo9\\AppData\\Local\\Programs\\Python\\Python310\\lib\\site-packages\\neptune\\new\\types\\atoms\\file.py\", line 303, in create_from\n", "step": null, "ts": 1667366651.2464144}]}, "version": 60}
{"obj": {"type": "LogStrings", "path": ["monitoring", "stderr"], "values": [{"value": "    ", "step": null, "ts": 1667366651.2464144}]}, "version": 61}
{"obj": {"type": "LogStrings", "path": ["monitoring", "stderr"], "values": [{"value": "raise TypeError(\"Value of type {} is not supported. Please use File.as_image().\".format(type(value)))", "step": null, "ts": 1667366651.2474144}]}, "version": 62}
{"obj": {"type": "LogStrings", "path": ["monitoring", "stderr"], "values": [{"value": "\n", "step": null, "ts": 1667366651.2474144}]}, "version": 63}
{"obj": {"type": "LogStrings", "path": ["monitoring", "stderr"], "values": [{"value": "TypeError", "step": null, "ts": 1667366651.2474144}]}, "version": 64}
{"obj": {"type": "LogStrings", "path": ["monitoring", "stderr"], "values": [{"value": ": ", "step": null, "ts": 1667366651.2474144}]}, "version": 65}
{"obj": {"type": "LogStrings", "path": ["monitoring", "stderr"], "values": [{"value": "Value of type <class 'numpy.ndarray'> is not supported. Please use File.as_image().", "step": null, "ts": 1667366651.2484121}]}, "version": 66}
{"obj": {"type": "LogStrings", "path": ["monitoring", "stderr"], "values": [{"value": "\n", "step": null, "ts": 1667366651.2484121}]}, "version": 67}
{"obj": {"type": "LogStrings", "path": ["monitoring", "stdout"], "values": [{"value": "Shutting down background jobs, please wait a moment...\n", "step": null, "ts": 1667366651.2484121}]}, "version": 68}
